[debug] [2021-10-12T12:26:09.565Z] ----------------------------------------------------------------------
[debug] [2021-10-12T12:26:09.572Z] Command:       C:\Program Files\nodejs\node.exe C:\Users\kabelo Makganye\AppData\Roaming\npm\node_modules\firebase-tools\lib\bin\firebase.js init
[debug] [2021-10-12T12:26:09.573Z] CLI Version:   9.17.0
[debug] [2021-10-12T12:26:09.573Z] Platform:      win32
[debug] [2021-10-12T12:26:09.573Z] Node Version:  v16.5.0
[debug] [2021-10-12T12:26:09.576Z] Time:          Tue Oct 12 2021 14:26:09 GMT+0200 (South Africa Standard Time)
[debug] [2021-10-12T12:26:09.577Z] ----------------------------------------------------------------------
[debug] 
[debug] [2021-10-12T12:26:09.607Z] > command requires scopes: ["email","openid","https://www.googleapis.com/auth/cloudplatformprojects.readonly","https://www.googleapis.com/auth/firebase","https://www.googleapis.com/auth/cloud-platform"]
[debug] [2021-10-12T12:26:09.607Z] > authorizing via signed-in user (kabeloref@gmail.com)
[info] 
     ######## #### ########  ######## ########     ###     ######  ########
     ##        ##  ##     ## ##       ##     ##  ##   ##  ##       ##
     ######    ##  ########  ######   ########  #########  ######  ######
     ##        ##  ##    ##  ##       ##     ## ##     ##       ## ##
     ##       #### ##     ## ######## ########  ##     ##  ######  ########

You're about to initialize a Firebase project in this directory:

  C:\Users\kabelo Makganye\Documents\Word\school\TUT\third year\wil\CRM\crm_demo1

[info] 
=== Project Setup
[info] 
[info] First, let's associate this project directory with a Firebase project.
[info] You can create multiple project aliases by running firebase use --add, 
[info] but for now we'll just set up a default project.
[info] 
[info] i  If you want to create a project in a Google Cloud organization or folder, please use "firebase projects:create" instead, and return to this command when you've created the project. 
[debug] [2021-10-12T12:29:20.721Z] > refreshing access token with scopes: ["email","https://www.googleapis.com/auth/cloud-platform","https://www.googleapis.com/auth/cloudplatformprojects.readonly","https://www.googleapis.com/auth/firebase","openid"]
[debug] [2021-10-12T12:29:20.722Z] >>> HTTP REQUEST POST https://www.googleapis.com/oauth2/v3/token  
 <request body omitted>
[debug] [2021-10-12T12:29:21.416Z] <<< HTTP RESPONSE 200 {"cache-control":"no-cache, no-store, max-age=0, must-revalidate","date":"Tue, 12 Oct 2021 12:29:20 GMT","pragma":"no-cache","expires":"Mon, 01 Jan 1990 00:00:00 GMT","content-type":"application/json; charset=utf-8","vary":"X-Origin, Referer, Origin,Accept-Encoding","server":"scaffolding on HTTPServer2","x-xss-protection":"0","x-frame-options":"SAMEORIGIN","x-content-type-options":"nosniff","alt-svc":"h3=\":443\"; ma=2592000,h3-29=\":443\"; ma=2592000,h3-T051=\":443\"; ma=2592000,h3-Q050=\":443\"; ma=2592000,h3-Q046=\":443\"; ma=2592000,h3-Q043=\":443\"; ma=2592000,quic=\":443\"; ma=2592000; v=\"46,43\"","accept-ranges":"none","transfer-encoding":"chunked"}
[debug] [2021-10-12T12:29:21.535Z] >>> HTTP REQUEST POST https://cloudresourcemanager.googleapis.com/v1/projects  
 {"projectId":"E-AFRICA_CRM_SYSTEM","name":"E-AFRICA_CRM_SYSTEM"}
[debug] [2021-10-12T12:29:23.866Z] <<< HTTP RESPONSE 400 {"vary":"X-Origin, Referer, Origin,Accept-Encoding","content-type":"application/json; charset=UTF-8","date":"Tue, 12 Oct 2021 12:29:22 GMT","server":"ESF","cache-control":"private","x-xss-protection":"0","x-frame-options":"SAMEORIGIN","x-content-type-options":"nosniff","server-timing":"gfet4t7; dur=1501","alt-svc":"h3=\":443\"; ma=2592000,h3-29=\":443\"; ma=2592000,h3-T051=\":443\"; ma=2592000,h3-Q050=\":443\"; ma=2592000,h3-Q046=\":443\"; ma=2592000,h3-Q043=\":443\"; ma=2592000,quic=\":443\"; ma=2592000; v=\"46,43\"","accept-ranges":"none","transfer-encoding":"chunked"}
[debug] [2021-10-12T12:29:23.867Z] <<< HTTP RESPONSE BODY {"error":{"code":400,"message":"Request contains an invalid argument.","status":"INVALID_ARGUMENT","details":[{"@type":"type.googleapis.com/google.rpc.BadRequest","fieldViolations":[{"field":"project_id","description":"project_id contains invalid characters"},{"field":"display_name","description":"project display name contains invalid characters"}]},{"@type":"type.googleapis.com/google.rpc.Help","links":[{"url":"https://cloud.google.com/resource-manager/reference/rest/v1/projects"}]}]}}
[debug] [2021-10-12T12:29:24.411Z] FirebaseError: HTTP Error: 400, Request contains an invalid argument.
    at module.exports (C:\Users\kabelo Makganye\AppData\Roaming\npm\node_modules\firebase-tools\lib\responseToError.js:38:12)
    at Request._callback (C:\Users\kabelo Makganye\AppData\Roaming\npm\node_modules\firebase-tools\lib\api.js:41:35)
    at Request.self.callback (C:\Users\kabelo Makganye\AppData\Roaming\npm\node_modules\firebase-tools\node_modules\request\request.js:185:22)
    at Request.emit (node:events:394:28)
    at Request.emit (node:domain:470:12)
    at Request.<anonymous> (C:\Users\kabelo Makganye\AppData\Roaming\npm\node_modules\firebase-tools\node_modules\request\request.js:1154:10)
    at Request.emit (node:events:394:28)
    at Request.emit (node:domain:470:12)
    at IncomingMessage.<anonymous> (C:\Users\kabelo Makganye\AppData\Roaming\npm\node_modules\firebase-tools\node_modules\request\request.js:1076:12)
    at Object.onceWrapper (node:events:513:28)
    at IncomingMessage.emit (node:events:406:35)
    at IncomingMessage.emit (node:domain:470:12)
    at endReadableNT (node:internal/streams/readable:1331:12)
    at processTicksAndRejections (node:internal/process/task_queues:83:21)
[error] 
[error] Error: Failed to create project. See firebase-debug.log for more info.
